2016-05-11 22:52:36 ERROR Error : 付款逻辑发生异常
MySql.Data.MySqlClient.MySqlException (0x80004005): You have an error in your SQL syntax; check the manual that corresponds to your MariaDB server version for the right syntax to use near 'Order set  sn = '160507134167' ,  product_id = 25 ,  status = 1 ,  pay_statu = 0' at line 1
   在 MySql.Data.MySqlClient.MySqlStream.OpenPacket()
   在 MySql.Data.MySqlClient.NativeDriver.ReadResult(UInt64& affectedRows, Int64& lastInsertId)
   在 MySql.Data.MySqlClient.MySqlDataReader.GetResultSet()
   在 MySql.Data.MySqlClient.MySqlDataReader.NextResult()
   在 MySql.Data.MySqlClient.MySqlCommand.ExecuteReader(CommandBehavior behavior)
   在 MySql.Data.MySqlClient.MySqlCommand.ExecuteReader()
   在 MySql.Data.MySqlClient.MySqlCommand.ExecuteNonQuery()
   在 Dapper.SqlMapper.ExecuteCommand(IDbConnection cnn, CommandDefinition& command, Action`2 paramReader) 位置 d:\Dev\dapper-dot-net\Dapper NET40\SqlMapper.cs:行号 3321
   在 Dapper.SqlMapper.ExecuteImpl(IDbConnection cnn, CommandDefinition& command) 位置 d:\Dev\dapper-dot-net\Dapper NET40\SqlMapper.cs:行号 1319
   在 Dapper.SqlMapper.Execute(IDbConnection cnn, String sql, Object param, IDbTransaction transaction, Nullable`1 commandTimeout, Nullable`1 commandType) 位置 d:\Dev\dapper-dot-net\Dapper NET40\SqlMapper.cs:行号 1194
   在 Wuyiju.Core.DataContext.Execute(String sql, Object param, Nullable`1 commandTimeout, Nullable`1 commandType)
   在 Wuyiju.Core.DataContext.Execute(StringBuilder sql, Object param, Nullable`1 commandTimeout, Nullable`1 commandType)
   在 Wuyiju.DAL.OrderDAL.Update(Order model)
   在 Wuyiju.Service.OrderService.PayOrder(Order order, Int32 PayWay, String pay_pass)
2016-05-11 22:53:02 ERROR Error : 付款逻辑发生异常
MySql.Data.MySqlClient.MySqlException (0x80004005): You have an error in your SQL syntax; check the manual that corresponds to your MariaDB server version for the right syntax to use near 'Order set  sn = '160507134167' ,  product_id = 25 ,  status = 1 ,  pay_statu = 0' at line 1
   在 MySql.Data.MySqlClient.MySqlStream.OpenPacket()
   在 MySql.Data.MySqlClient.NativeDriver.ReadResult(UInt64& affectedRows, Int64& lastInsertId)
   在 MySql.Data.MySqlClient.MySqlDataReader.GetResultSet()
   在 MySql.Data.MySqlClient.MySqlDataReader.NextResult()
   在 MySql.Data.MySqlClient.MySqlCommand.ExecuteReader(CommandBehavior behavior)
   在 MySql.Data.MySqlClient.MySqlCommand.ExecuteReader()
   在 MySql.Data.MySqlClient.MySqlCommand.ExecuteNonQuery()
   在 Dapper.SqlMapper.ExecuteCommand(IDbConnection cnn, CommandDefinition& command, Action`2 paramReader) 位置 d:\Dev\dapper-dot-net\Dapper NET40\SqlMapper.cs:行号 3321
   在 Dapper.SqlMapper.ExecuteImpl(IDbConnection cnn, CommandDefinition& command) 位置 d:\Dev\dapper-dot-net\Dapper NET40\SqlMapper.cs:行号 1319
   在 Dapper.SqlMapper.Execute(IDbConnection cnn, String sql, Object param, IDbTransaction transaction, Nullable`1 commandTimeout, Nullable`1 commandType) 位置 d:\Dev\dapper-dot-net\Dapper NET40\SqlMapper.cs:行号 1194
   在 Wuyiju.Core.DataContext.Execute(String sql, Object param, Nullable`1 commandTimeout, Nullable`1 commandType)
   在 Wuyiju.Core.DataContext.Execute(StringBuilder sql, Object param, Nullable`1 commandTimeout, Nullable`1 commandType)
   在 Wuyiju.DAL.OrderDAL.Update(Order model)
   在 Wuyiju.Service.OrderService.PayOrder(Order order, Int32 PayWay, String pay_pass)
2016-05-11 22:55:25 ERROR Error : 付款逻辑发生异常
MySql.Data.MySqlClient.MySqlException (0x80004005): You have an error in your SQL syntax; check the manual that corresponds to your MariaDB server version for the right syntax to use near 'Order set  sn = '160507134167' ,  product_id = 25 ,  status = 1 ,  pay_statu = 0' at line 1
   在 MySql.Data.MySqlClient.MySqlStream.OpenPacket()
   在 MySql.Data.MySqlClient.NativeDriver.ReadResult(UInt64& affectedRows, Int64& lastInsertId)
   在 MySql.Data.MySqlClient.MySqlDataReader.GetResultSet()
   在 MySql.Data.MySqlClient.MySqlDataReader.NextResult()
   在 MySql.Data.MySqlClient.MySqlCommand.ExecuteReader(CommandBehavior behavior)
   在 MySql.Data.MySqlClient.MySqlCommand.ExecuteReader()
   在 MySql.Data.MySqlClient.MySqlCommand.ExecuteNonQuery()
   在 Dapper.SqlMapper.ExecuteCommand(IDbConnection cnn, CommandDefinition& command, Action`2 paramReader) 位置 d:\Dev\dapper-dot-net\Dapper NET40\SqlMapper.cs:行号 3321
   在 Dapper.SqlMapper.ExecuteImpl(IDbConnection cnn, CommandDefinition& command) 位置 d:\Dev\dapper-dot-net\Dapper NET40\SqlMapper.cs:行号 1319
   在 Dapper.SqlMapper.Execute(IDbConnection cnn, String sql, Object param, IDbTransaction transaction, Nullable`1 commandTimeout, Nullable`1 commandType) 位置 d:\Dev\dapper-dot-net\Dapper NET40\SqlMapper.cs:行号 1194
   在 Wuyiju.Core.DataContext.Execute(String sql, Object param, Nullable`1 commandTimeout, Nullable`1 commandType)
   在 Wuyiju.Core.DataContext.Execute(StringBuilder sql, Object param, Nullable`1 commandTimeout, Nullable`1 commandType)
   在 Wuyiju.DAL.OrderDAL.Update(Order model)
   在 Wuyiju.Service.OrderService.PayOrder(Order order, Int32 PayWay, String pay_pass)
